{"C:\\Users\\Justin Vocke\\source\\repos\\react-fe-task\\src\\App.tsx": {"path":"C:\\Users\\Justin Vocke\\source\\repos\\react-fe-task\\src\\App.tsx","statementMap":{"0":{"start":{"line":9,"column":2},"end":{"line":20,"column":4}}},"fnMap":{"0":{"name":"App","decl":{"start":{"line":8,"column":9},"end":{"line":8,"column":12}},"loc":{"start":{"line":8,"column":15},"end":{"line":21,"column":1}},"line":8}},"branchMap":{},"s":{"0":0},"f":{"0":0},"b":{}}
,"C:\\Users\\Justin Vocke\\source\\repos\\react-fe-task\\src\\authConfig.js": {"path":"C:\\Users\\Justin Vocke\\source\\repos\\react-fe-task\\src\\authConfig.js","statementMap":{"0":{"start":{"line":14,"column":26},"end":{"line":50,"column":1}},"1":{"start":{"line":28,"column":8},"end":{"line":30,"column":9}},"2":{"start":{"line":29,"column":10},"end":{"line":29,"column":17}},"3":{"start":{"line":31,"column":8},"end":{"line":46,"column":9}},"4":{"start":{"line":33,"column":12},"end":{"line":33,"column":35}},"5":{"start":{"line":34,"column":12},"end":{"line":34,"column":19}},"6":{"start":{"line":36,"column":12},"end":{"line":36,"column":34}},"7":{"start":{"line":37,"column":12},"end":{"line":37,"column":19}},"8":{"start":{"line":39,"column":12},"end":{"line":39,"column":35}},"9":{"start":{"line":40,"column":12},"end":{"line":40,"column":19}},"10":{"start":{"line":42,"column":12},"end":{"line":42,"column":34}},"11":{"start":{"line":43,"column":12},"end":{"line":43,"column":19}},"12":{"start":{"line":45,"column":12},"end":{"line":45,"column":19}},"13":{"start":{"line":58,"column":28},"end":{"line":60,"column":1}},"14":{"start":{"line":66,"column":27},"end":{"line":68,"column":1}}},"fnMap":{"0":{"name":"(anonymous_0)","decl":{"start":{"line":27,"column":22},"end":{"line":27,"column":23}},"loc":{"start":{"line":27,"column":55},"end":{"line":47,"column":7}},"line":27}},"branchMap":{"0":{"loc":{"start":{"line":28,"column":8},"end":{"line":30,"column":9}},"type":"if","locations":[{"start":{"line":28,"column":8},"end":{"line":30,"column":9}},{"start":{},"end":{}}],"line":28},"1":{"loc":{"start":{"line":31,"column":8},"end":{"line":46,"column":9}},"type":"switch","locations":[{"start":{"line":32,"column":10},"end":{"line":34,"column":19}},{"start":{"line":35,"column":10},"end":{"line":37,"column":19}},{"start":{"line":38,"column":10},"end":{"line":40,"column":19}},{"start":{"line":41,"column":10},"end":{"line":43,"column":19}},{"start":{"line":44,"column":10},"end":{"line":45,"column":19}}],"line":31}},"s":{"0":0,"1":0,"2":0,"3":0,"4":0,"5":0,"6":0,"7":0,"8":0,"9":0,"10":0,"11":0,"12":0,"13":0,"14":0},"f":{"0":0},"b":{"0":[0,0],"1":[0,0,0,0,0]}}
,"C:\\Users\\Justin Vocke\\source\\repos\\react-fe-task\\src\\hooks.ts": {"path":"C:\\Users\\Justin Vocke\\source\\repos\\react-fe-task\\src\\hooks.ts","statementMap":{"0":{"start":{"line":5,"column":30},"end":{"line":5,"column":66}},"1":{"start":{"line":6,"column":30},"end":{"line":6,"column":64}},"2":{"start":{"line":7,"column":27},"end":{"line":7,"column":57}}},"fnMap":{},"branchMap":{},"s":{"0":1,"1":1,"2":1},"f":{},"b":{},"_coverageSchema":"1a1c01bbd47fc00a2c39e90264f33305004495a9","hash":"27d6fd14110afbee5f840d33b584d9c92e480a9a"}
,"C:\\Users\\Justin Vocke\\source\\repos\\react-fe-task\\src\\main.tsx": {"path":"C:\\Users\\Justin Vocke\\source\\repos\\react-fe-task\\src\\main.tsx","statementMap":{"0":{"start":{"line":10,"column":0},"end":{"line":16,"column":2}}},"fnMap":{},"branchMap":{},"s":{"0":0},"f":{},"b":{}}
,"C:\\Users\\Justin Vocke\\source\\repos\\react-fe-task\\src\\store.ts": {"path":"C:\\Users\\Justin Vocke\\source\\repos\\react-fe-task\\src\\store.ts","statementMap":{"0":{"start":{"line":4,"column":21},"end":{"line":8,"column":2}}},"fnMap":{},"branchMap":{},"s":{"0":0},"f":{},"b":{}}
,"C:\\Users\\Justin Vocke\\source\\repos\\react-fe-task\\src\\components\\Home.tsx": {"path":"C:\\Users\\Justin Vocke\\source\\repos\\react-fe-task\\src\\components\\Home.tsx","statementMap":{"0":{"start":{"line":4,"column":23},"end":{"line":4,"column":32}},"1":{"start":{"line":7,"column":4},"end":{"line":56,"column":6}}},"fnMap":{"0":{"name":"(anonymous_0)","decl":{"start":{"line":6,"column":2},"end":{"line":6,"column":3}},"loc":{"start":{"line":6,"column":11},"end":{"line":57,"column":3}},"line":6}},"branchMap":{},"s":{"0":0,"1":0},"f":{"0":0},"b":{}}
,"C:\\Users\\Justin Vocke\\source\\repos\\react-fe-task\\src\\components\\Layout.jsx": {"path":"C:\\Users\\Justin Vocke\\source\\repos\\react-fe-task\\src\\components\\Layout.jsx","statementMap":{"0":{"start":{"line":7,"column":23},"end":{"line":7,"column":34}},"1":{"start":{"line":10,"column":4},"end":{"line":16,"column":6}}},"fnMap":{"0":{"name":"(anonymous_0)","decl":{"start":{"line":9,"column":2},"end":{"line":9,"column":3}},"loc":{"start":{"line":9,"column":11},"end":{"line":17,"column":3}},"line":9}},"branchMap":{},"s":{"0":0,"1":0},"f":{"0":0},"b":{}}
,"C:\\Users\\Justin Vocke\\source\\repos\\react-fe-task\\src\\components\\NavMenu.jsx": {"path":"C:\\Users\\Justin Vocke\\source\\repos\\react-fe-task\\src\\components\\NavMenu.jsx","statementMap":{"0":{"start":{"line":11,"column":23},"end":{"line":11,"column":35}},"1":{"start":{"line":14,"column":4},"end":{"line":14,"column":17}},"2":{"start":{"line":16,"column":4},"end":{"line":16,"column":53}},"3":{"start":{"line":17,"column":4},"end":{"line":19,"column":6}},"4":{"start":{"line":23,"column":4},"end":{"line":25,"column":7}},"5":{"start":{"line":29,"column":4},"end":{"line":51,"column":6}}},"fnMap":{"0":{"name":"(anonymous_0)","decl":{"start":{"line":13,"column":2},"end":{"line":13,"column":3}},"loc":{"start":{"line":13,"column":21},"end":{"line":20,"column":3}},"line":13},"1":{"name":"(anonymous_1)","decl":{"start":{"line":22,"column":2},"end":{"line":22,"column":3}},"loc":{"start":{"line":22,"column":17},"end":{"line":26,"column":3}},"line":22},"2":{"name":"(anonymous_2)","decl":{"start":{"line":28,"column":2},"end":{"line":28,"column":3}},"loc":{"start":{"line":28,"column":11},"end":{"line":52,"column":3}},"line":28}},"branchMap":{},"s":{"0":0,"1":0,"2":0,"3":0,"4":0,"5":0},"f":{"0":0,"1":0,"2":0},"b":{}}
,"C:\\Users\\Justin Vocke\\source\\repos\\react-fe-task\\src\\components\\Student\\Create.tsx": {"path":"C:\\Users\\Justin Vocke\\source\\repos\\react-fe-task\\src\\components\\Student\\Create.tsx","statementMap":{"0":{"start":{"line":7,"column":22},"end":{"line":78,"column":1}},"1":{"start":{"line":8,"column":36},"end":{"line":8,"column":48}},"2":{"start":{"line":9,"column":34},"end":{"line":9,"column":46}},"3":{"start":{"line":10,"column":24},"end":{"line":10,"column":35}},"4":{"start":{"line":12,"column":21},"end":{"line":12,"column":34}},"5":{"start":{"line":14,"column":28},"end":{"line":16,"column":3}},"6":{"start":{"line":15,"column":4},"end":{"line":15,"column":33}},"7":{"start":{"line":18,"column":27},"end":{"line":20,"column":3}},"8":{"start":{"line":19,"column":4},"end":{"line":19,"column":32}},"9":{"start":{"line":22,"column":22},"end":{"line":24,"column":3}},"10":{"start":{"line":23,"column":4},"end":{"line":23,"column":27}},"11":{"start":{"line":26,"column":19},"end":{"line":39,"column":3}},"12":{"start":{"line":27,"column":4},"end":{"line":27,"column":23}},"13":{"start":{"line":29,"column":26},"end":{"line":33,"column":5}},"14":{"start":{"line":34,"column":4},"end":{"line":38,"column":9}},"15":{"start":{"line":37,"column":8},"end":{"line":37,"column":32}},"16":{"start":{"line":40,"column":2},"end":{"line":77,"column":4}}},"fnMap":{"0":{"name":"(anonymous_0)","decl":{"start":{"line":7,"column":22},"end":{"line":7,"column":23}},"loc":{"start":{"line":7,"column":28},"end":{"line":78,"column":1}},"line":7},"1":{"name":"(anonymous_1)","decl":{"start":{"line":14,"column":28},"end":{"line":14,"column":29}},"loc":{"start":{"line":14,"column":35},"end":{"line":16,"column":3}},"line":14},"2":{"name":"(anonymous_2)","decl":{"start":{"line":18,"column":27},"end":{"line":18,"column":28}},"loc":{"start":{"line":18,"column":34},"end":{"line":20,"column":3}},"line":18},"3":{"name":"(anonymous_3)","decl":{"start":{"line":22,"column":22},"end":{"line":22,"column":23}},"loc":{"start":{"line":22,"column":29},"end":{"line":24,"column":3}},"line":22},"4":{"name":"(anonymous_4)","decl":{"start":{"line":26,"column":19},"end":{"line":26,"column":20}},"loc":{"start":{"line":26,"column":26},"end":{"line":39,"column":3}},"line":26},"5":{"name":"(anonymous_5)","decl":{"start":{"line":36,"column":12},"end":{"line":36,"column":13}},"loc":{"start":{"line":36,"column":21},"end":{"line":38,"column":7}},"line":36}},"branchMap":{},"s":{"0":0,"1":0,"2":0,"3":0,"4":0,"5":0,"6":0,"7":0,"8":0,"9":0,"10":0,"11":0,"12":0,"13":0,"14":0,"15":0,"16":0},"f":{"0":0,"1":0,"2":0,"3":0,"4":0,"5":0},"b":{}}
,"C:\\Users\\Justin Vocke\\source\\repos\\react-fe-task\\src\\components\\Student\\Students.tsx": {"path":"C:\\Users\\Justin Vocke\\source\\repos\\react-fe-task\\src\\components\\Student\\Students.tsx","statementMap":{"0":{"start":{"line":13,"column":24},"end":{"line":89,"column":1}},"1":{"start":{"line":14,"column":21},"end":{"line":14,"column":34}},"2":{"start":{"line":15,"column":19},"end":{"line":15,"column":35}},"3":{"start":{"line":16,"column":22},"end":{"line":16,"column":52}},"4":{"start":{"line":17,"column":21},"end":{"line":17,"column":69}},"5":{"start":{"line":17,"column":47},"end":{"line":17,"column":68}},"6":{"start":{"line":18,"column":16},"end":{"line":18,"column":63}},"7":{"start":{"line":18,"column":42},"end":{"line":18,"column":62}},"8":{"start":{"line":19,"column":2},"end":{"line":21,"column":29}},"9":{"start":{"line":20,"column":4},"end":{"line":20,"column":58}},"10":{"start":{"line":20,"column":31},"end":{"line":20,"column":58}},"11":{"start":{"line":23,"column":23},"end":{"line":25,"column":3}},"12":{"start":{"line":24,"column":4},"end":{"line":24,"column":32}},"13":{"start":{"line":27,"column":23},"end":{"line":29,"column":3}},"14":{"start":{"line":28,"column":4},"end":{"line":28,"column":32}},"15":{"start":{"line":30,"column":33},"end":{"line":68,"column":3}},"16":{"start":{"line":31,"column":4},"end":{"line":67,"column":6}},"17":{"start":{"line":42,"column":12},"end":{"line":63,"column":17}},"18":{"start":{"line":53,"column":35},"end":{"line":53,"column":59}},"19":{"start":{"line":59,"column":35},"end":{"line":59,"column":59}},"20":{"start":{"line":70,"column":2},"end":{"line":80,"column":3}},"21":{"start":{"line":71,"column":4},"end":{"line":75,"column":6}},"22":{"start":{"line":76,"column":9},"end":{"line":80,"column":3}},"23":{"start":{"line":77,"column":4},"end":{"line":77,"column":50}},"24":{"start":{"line":78,"column":9},"end":{"line":80,"column":3}},"25":{"start":{"line":79,"column":4},"end":{"line":79,"column":33}},"26":{"start":{"line":82,"column":2},"end":{"line":88,"column":4}}},"fnMap":{"0":{"name":"(anonymous_0)","decl":{"start":{"line":13,"column":24},"end":{"line":13,"column":25}},"loc":{"start":{"line":13,"column":30},"end":{"line":89,"column":1}},"line":13},"1":{"name":"(anonymous_1)","decl":{"start":{"line":17,"column":36},"end":{"line":17,"column":37}},"loc":{"start":{"line":17,"column":47},"end":{"line":17,"column":68}},"line":17},"2":{"name":"(anonymous_2)","decl":{"start":{"line":18,"column":31},"end":{"line":18,"column":32}},"loc":{"start":{"line":18,"column":42},"end":{"line":18,"column":62}},"line":18},"3":{"name":"(anonymous_3)","decl":{"start":{"line":19,"column":12},"end":{"line":19,"column":13}},"loc":{"start":{"line":19,"column":18},"end":{"line":21,"column":3}},"line":19},"4":{"name":"(anonymous_4)","decl":{"start":{"line":23,"column":23},"end":{"line":23,"column":24}},"loc":{"start":{"line":23,"column":39},"end":{"line":25,"column":3}},"line":23},"5":{"name":"(anonymous_5)","decl":{"start":{"line":27,"column":23},"end":{"line":27,"column":24}},"loc":{"start":{"line":27,"column":39},"end":{"line":29,"column":3}},"line":27},"6":{"name":"(anonymous_6)","decl":{"start":{"line":30,"column":33},"end":{"line":30,"column":34}},"loc":{"start":{"line":30,"column":66},"end":{"line":68,"column":3}},"line":30},"7":{"name":"(anonymous_7)","decl":{"start":{"line":41,"column":24},"end":{"line":41,"column":25}},"loc":{"start":{"line":42,"column":12},"end":{"line":63,"column":17}},"line":42},"8":{"name":"(anonymous_8)","decl":{"start":{"line":53,"column":29},"end":{"line":53,"column":30}},"loc":{"start":{"line":53,"column":35},"end":{"line":53,"column":59}},"line":53},"9":{"name":"(anonymous_9)","decl":{"start":{"line":59,"column":29},"end":{"line":59,"column":30}},"loc":{"start":{"line":59,"column":35},"end":{"line":59,"column":59}},"line":59}},"branchMap":{"0":{"loc":{"start":{"line":20,"column":4},"end":{"line":20,"column":58}},"type":"if","locations":[{"start":{"line":20,"column":4},"end":{"line":20,"column":58}},{"start":{},"end":{}}],"line":20},"1":{"loc":{"start":{"line":70,"column":2},"end":{"line":80,"column":3}},"type":"if","locations":[{"start":{"line":70,"column":2},"end":{"line":80,"column":3}},{"start":{"line":76,"column":9},"end":{"line":80,"column":3}}],"line":70},"2":{"loc":{"start":{"line":76,"column":9},"end":{"line":80,"column":3}},"type":"if","locations":[{"start":{"line":76,"column":9},"end":{"line":80,"column":3}},{"start":{"line":78,"column":9},"end":{"line":80,"column":3}}],"line":76},"3":{"loc":{"start":{"line":78,"column":9},"end":{"line":80,"column":3}},"type":"if","locations":[{"start":{"line":78,"column":9},"end":{"line":80,"column":3}},{"start":{},"end":{}}],"line":78}},"s":{"0":1,"1":5,"2":4,"3":0,"4":0,"5":0,"6":0,"7":0,"8":0,"9":0,"10":0,"11":0,"12":0,"13":0,"14":0,"15":0,"16":0,"17":0,"18":0,"19":0,"20":0,"21":0,"22":0,"23":0,"24":0,"25":0,"26":0},"f":{"0":5,"1":0,"2":0,"3":0,"4":0,"5":0,"6":0,"7":0,"8":0,"9":0},"b":{"0":[0,0],"1":[0,0],"2":[0,0],"3":[0,0]},"_coverageSchema":"1a1c01bbd47fc00a2c39e90264f33305004495a9","hash":"e0b3bb085edb114852c191b507d645a07e0e9fa4"}
,"C:\\Users\\Justin Vocke\\source\\repos\\react-fe-task\\src\\components\\Student\\Update.tsx": {"path":"C:\\Users\\Justin Vocke\\source\\repos\\react-fe-task\\src\\components\\Student\\Update.tsx","statementMap":{"0":{"start":{"line":8,"column":22},"end":{"line":105,"column":1}},"1":{"start":{"line":9,"column":36},"end":{"line":9,"column":48}},"2":{"start":{"line":10,"column":34},"end":{"line":10,"column":46}},"3":{"start":{"line":11,"column":24},"end":{"line":11,"column":35}},"4":{"start":{"line":12,"column":17},"end":{"line":12,"column":28}},"5":{"start":{"line":13,"column":19},"end":{"line":13,"column":35}},"6":{"start":{"line":14,"column":2},"end":{"line":16,"column":9}},"7":{"start":{"line":15,"column":4},"end":{"line":15,"column":18}},"8":{"start":{"line":18,"column":22},"end":{"line":27,"column":3}},"9":{"start":{"line":19,"column":15},"end":{"line":19,"column":24}},"10":{"start":{"line":21,"column":4},"end":{"line":26,"column":7}},"11":{"start":{"line":22,"column":23},"end":{"line":22,"column":31}},"12":{"start":{"line":23,"column":6},"end":{"line":23,"column":39}},"13":{"start":{"line":24,"column":6},"end":{"line":24,"column":37}},"14":{"start":{"line":25,"column":6},"end":{"line":25,"column":27}},"15":{"start":{"line":28,"column":19},"end":{"line":28,"column":32}},"16":{"start":{"line":29,"column":28},"end":{"line":31,"column":3}},"17":{"start":{"line":30,"column":4},"end":{"line":30,"column":33}},"18":{"start":{"line":33,"column":27},"end":{"line":35,"column":3}},"19":{"start":{"line":34,"column":4},"end":{"line":34,"column":32}},"20":{"start":{"line":37,"column":22},"end":{"line":39,"column":3}},"21":{"start":{"line":38,"column":4},"end":{"line":38,"column":27}},"22":{"start":{"line":41,"column":25},"end":{"line":43,"column":3}},"23":{"start":{"line":42,"column":4},"end":{"line":42,"column":28}},"24":{"start":{"line":44,"column":19},"end":{"line":58,"column":3}},"25":{"start":{"line":45,"column":4},"end":{"line":45,"column":23}},"26":{"start":{"line":46,"column":15},"end":{"line":46,"column":24}},"27":{"start":{"line":48,"column":26},"end":{"line":52,"column":5}},"28":{"start":{"line":53,"column":4},"end":{"line":57,"column":9}},"29":{"start":{"line":56,"column":8},"end":{"line":56,"column":32}},"30":{"start":{"line":59,"column":2},"end":{"line":104,"column":4}}},"fnMap":{"0":{"name":"(anonymous_0)","decl":{"start":{"line":8,"column":22},"end":{"line":8,"column":23}},"loc":{"start":{"line":8,"column":33},"end":{"line":105,"column":1}},"line":8},"1":{"name":"(anonymous_1)","decl":{"start":{"line":14,"column":12},"end":{"line":14,"column":13}},"loc":{"start":{"line":14,"column":18},"end":{"line":16,"column":3}},"line":14},"2":{"name":"(anonymous_2)","decl":{"start":{"line":18,"column":22},"end":{"line":18,"column":23}},"loc":{"start":{"line":18,"column":28},"end":{"line":27,"column":3}},"line":18},"3":{"name":"(anonymous_3)","decl":{"start":{"line":21,"column":63},"end":{"line":21,"column":64}},"loc":{"start":{"line":21,"column":72},"end":{"line":26,"column":5}},"line":21},"4":{"name":"(anonymous_4)","decl":{"start":{"line":29,"column":28},"end":{"line":29,"column":29}},"loc":{"start":{"line":29,"column":35},"end":{"line":31,"column":3}},"line":29},"5":{"name":"(anonymous_5)","decl":{"start":{"line":33,"column":27},"end":{"line":33,"column":28}},"loc":{"start":{"line":33,"column":34},"end":{"line":35,"column":3}},"line":33},"6":{"name":"(anonymous_6)","decl":{"start":{"line":37,"column":22},"end":{"line":37,"column":23}},"loc":{"start":{"line":37,"column":29},"end":{"line":39,"column":3}},"line":37},"7":{"name":"(anonymous_7)","decl":{"start":{"line":41,"column":25},"end":{"line":41,"column":26}},"loc":{"start":{"line":41,"column":31},"end":{"line":43,"column":3}},"line":41},"8":{"name":"(anonymous_8)","decl":{"start":{"line":44,"column":19},"end":{"line":44,"column":20}},"loc":{"start":{"line":44,"column":26},"end":{"line":58,"column":3}},"line":44},"9":{"name":"(anonymous_9)","decl":{"start":{"line":55,"column":12},"end":{"line":55,"column":13}},"loc":{"start":{"line":55,"column":21},"end":{"line":57,"column":7}},"line":55}},"branchMap":{},"s":{"0":0,"1":0,"2":0,"3":0,"4":0,"5":0,"6":0,"7":0,"8":0,"9":0,"10":0,"11":0,"12":0,"13":0,"14":0,"15":0,"16":0,"17":0,"18":0,"19":0,"20":0,"21":0,"22":0,"23":0,"24":0,"25":0,"26":0,"27":0,"28":0,"29":0,"30":0},"f":{"0":0,"1":0,"2":0,"3":0,"4":0,"5":0,"6":0,"7":0,"8":0,"9":0},"b":{}}
,"C:\\Users\\Justin Vocke\\source\\repos\\react-fe-task\\src\\features\\student\\studentSlice.ts": {"path":"C:\\Users\\Justin Vocke\\source\\repos\\react-fe-task\\src\\features\\student\\studentSlice.ts","statementMap":{"0":{"start":{"line":21,"column":35},"end":{"line":27,"column":1}},"1":{"start":{"line":28,"column":28},"end":{"line":69,"column":2}},"2":{"start":{"line":37,"column":6},"end":{"line":37,"column":29}},"3":{"start":{"line":38,"column":6},"end":{"line":38,"column":28}},"4":{"start":{"line":39,"column":6},"end":{"line":39,"column":34}},"5":{"start":{"line":42,"column":6},"end":{"line":42,"column":28}},"6":{"start":{"line":43,"column":6},"end":{"line":43,"column":28}},"7":{"start":{"line":44,"column":6},"end":{"line":44,"column":35}},"8":{"start":{"line":47,"column":6},"end":{"line":47,"column":27}},"9":{"start":{"line":51,"column":4},"end":{"line":67,"column":9}},"10":{"start":{"line":53,"column":8},"end":{"line":53,"column":33}},"11":{"start":{"line":54,"column":8},"end":{"line":54,"column":29}},"12":{"start":{"line":57,"column":8},"end":{"line":57,"column":35}},"13":{"start":{"line":58,"column":8},"end":{"line":58,"column":31}},"14":{"start":{"line":59,"column":8},"end":{"line":59,"column":30}},"15":{"start":{"line":60,"column":8},"end":{"line":60,"column":36}},"16":{"start":{"line":63,"column":8},"end":{"line":63,"column":32}},"17":{"start":{"line":64,"column":8},"end":{"line":64,"column":43}},"18":{"start":{"line":65,"column":8},"end":{"line":65,"column":30}},"19":{"start":{"line":66,"column":8},"end":{"line":66,"column":30}},"20":{"start":{"line":72,"column":2},"end":{"line":72,"column":22}},"21":{"start":{"line":74,"column":30},"end":{"line":80,"column":1}},"22":{"start":{"line":77,"column":21},"end":{"line":77,"column":74}},"23":{"start":{"line":78,"column":4},"end":{"line":78,"column":25}},"24":{"start":{"line":85,"column":33},"end":{"line":85,"column":74}},"25":{"start":{"line":85,"column":55},"end":{"line":85,"column":74}}},"fnMap":{"0":{"name":"(anonymous_0)","decl":{"start":{"line":32,"column":24},"end":{"line":32,"column":25}},"loc":{"start":{"line":32,"column":43},"end":{"line":40,"column":5}},"line":32},"1":{"name":"(anonymous_1)","decl":{"start":{"line":41,"column":22},"end":{"line":41,"column":23}},"loc":{"start":{"line":41,"column":41},"end":{"line":45,"column":5}},"line":41},"2":{"name":"(anonymous_2)","decl":{"start":{"line":46,"column":27},"end":{"line":46,"column":28}},"loc":{"start":{"line":46,"column":38},"end":{"line":48,"column":5}},"line":46},"3":{"name":"(anonymous_3)","decl":{"start":{"line":50,"column":2},"end":{"line":50,"column":3}},"loc":{"start":{"line":50,"column":25},"end":{"line":68,"column":3}},"line":50},"4":{"name":"(anonymous_4)","decl":{"start":{"line":52,"column":39},"end":{"line":52,"column":40}},"loc":{"start":{"line":52,"column":58},"end":{"line":55,"column":7}},"line":52},"5":{"name":"(anonymous_5)","decl":{"start":{"line":56,"column":41},"end":{"line":56,"column":42}},"loc":{"start":{"line":56,"column":60},"end":{"line":61,"column":7}},"line":56},"6":{"name":"(anonymous_6)","decl":{"start":{"line":62,"column":40},"end":{"line":62,"column":41}},"loc":{"start":{"line":62,"column":59},"end":{"line":67,"column":7}},"line":62},"7":{"name":"(anonymous_7)","decl":{"start":{"line":76,"column":2},"end":{"line":76,"column":3}},"loc":{"start":{"line":76,"column":14},"end":{"line":79,"column":3}},"line":76},"8":{"name":"(anonymous_8)","decl":{"start":{"line":85,"column":33},"end":{"line":85,"column":34}},"loc":{"start":{"line":85,"column":55},"end":{"line":85,"column":74}},"line":85}},"branchMap":{},"s":{"0":1,"1":1,"2":0,"3":0,"4":0,"5":0,"6":0,"7":0,"8":0,"9":0,"10":0,"11":0,"12":0,"13":0,"14":0,"15":0,"16":0,"17":0,"18":0,"19":0,"20":1,"21":1,"22":0,"23":0,"24":1,"25":0},"f":{"0":0,"1":0,"2":0,"3":0,"4":0,"5":0,"6":0,"7":0,"8":0},"b":{},"_coverageSchema":"1a1c01bbd47fc00a2c39e90264f33305004495a9","hash":"b73a19371f072274d9b4ed11a533302e20c6269e"}
}
